# JRE version: Java(TM) SE Runtime Environment (8.0_291-b10) (build 1.8.0_291-b10)
# Java VM: Java HotSpot(TM) 64-Bit Server VM (25.291-b10 mixed mode windows-amd64 compressed oops)
Heap:
 PSYoungGen      total 346624K, used 39810K [0x00000000d6580000, 0x00000000ed300000, 0x0000000100000000)
  eden space 327680K, 12% used [0x00000000d6580000,0x00000000d8c60930,0x00000000ea580000)
  from space 18944K, 0% used [0x00000000eb780000,0x00000000eb780000,0x00000000eca00000)
  to   space 18432K, 0% used [0x00000000ea580000,0x00000000ea580000,0x00000000eb780000)
 ParOldGen       total 117248K, used 35208K [0x0000000083000000, 0x000000008a280000, 0x00000000d6580000)
  object space 117248K, 30% used [0x0000000083000000,0x0000000085262118,0x000000008a280000)
 Metaspace       used 58515K, capacity 61208K, committed 61528K, reserved 1101824K
  class space    used 8045K, capacity 8503K, committed 8576K, reserved 1048576K
GC Heap History (10 events):
Event: 3.216 GC heap before
{Heap before GC invocations=11 (full 2):
 PSYoungGen      total 196608K, used 8211K [0x00000000d6580000, 0x00000000e8a80000, 0x0000000100000000)
  eden space 179200K, 0% used [0x00000000d6580000,0x00000000d6580000,0x00000000e1480000)
  from space 17408K, 47% used [0x00000000e1480000,0x00000000e1c84c78,0x00000000e2580000)
  to   space 16896K, 0% used [0x00000000e7a00000,0x00000000e7a00000,0x00000000e8a80000)
 ParOldGen       total 52224K, used 24068K [0x0000000083000000, 0x0000000086300000, 0x00000000d6580000)
  object space 52224K, 46% used [0x0000000083000000,0x00000000847810b0,0x0000000086300000)
 Metaspace       used 33715K, capacity 35296K, committed 35456K, reserved 1079296K
  class space    used 4549K, capacity 4888K, committed 4992K, reserved 1048576K
Event: 3.306 GC heap after
Heap after GC invocations=11 (full 2):
 PSYoungGen      total 196608K, used 0K [0x00000000d6580000, 0x00000000e8a80000, 0x0000000100000000)
  eden space 179200K, 0% used [0x00000000d6580000,0x00000000d6580000,0x00000000e1480000)
  from space 17408K, 0% used [0x00000000e1480000,0x00000000e1480000,0x00000000e2580000)
  to   space 16896K, 0% used [0x00000000e7a00000,0x00000000e7a00000,0x00000000e8a80000)
 ParOldGen       total 85504K, used 21454K [0x0000000083000000, 0x0000000088380000, 0x00000000d6580000)
  object space 85504K, 25% used [0x0000000083000000,0x00000000844f3870,0x0000000088380000)
 Metaspace       used 33715K, capacity 35296K, committed 35456K, reserved 1079296K
  class space    used 4549K, capacity 4888K, committed 4992K, reserved 1048576K
}
Event: 4.828 GC heap before
{Heap before GC invocations=12 (full 2):
 PSYoungGen      total 196608K, used 179200K [0x00000000d6580000, 0x00000000e8a80000, 0x0000000100000000)
  eden space 179200K, 100% used [0x00000000d6580000,0x00000000e1480000,0x00000000e1480000)
  from space 17408K, 0% used [0x00000000e1480000,0x00000000e1480000,0x00000000e2580000)
  to   space 16896K, 0% used [0x00000000e7a00000,0x00000000e7a00000,0x00000000e8a80000)
 ParOldGen       total 85504K, used 21454K [0x0000000083000000, 0x0000000088380000, 0x00000000d6580000)
  object space 85504K, 25% used [0x0000000083000000,0x00000000844f3870,0x0000000088380000)
 Metaspace       used 47015K, capacity 49142K, committed 49408K, reserved 1091584K
  class space    used 6439K, capacity 6869K, committed 6912K, reserved 1048576K
Event: 4.840 GC heap after
Heap after GC invocations=12 (full 2):
 PSYoungGen      total 262144K, used 16889K [0x00000000d6580000, 0x00000000e8a80000, 0x0000000100000000)
  eden space 245248K, 0% used [0x00000000d6580000,0x00000000d6580000,0x00000000e5500000)
  from space 16896K, 99% used [0x00000000e7a00000,0x00000000e8a7e758,0x00000000e8a80000)
  to   space 19456K, 0% used [0x00000000e6480000,0x00000000e6480000,0x00000000e7780000)
 ParOldGen       total 85504K, used 22159K [0x0000000083000000, 0x0000000088380000, 0x00000000d6580000)
  object space 85504K, 25% used [0x0000000083000000,0x00000000845a3cd8,0x0000000088380000)
 Metaspace       used 47015K, capacity 49142K, committed 49408K, reserved 1091584K
  class space    used 6439K, capacity 6869K, committed 6912K, reserved 1048576K
}
Event: 6.279 GC heap before
{Heap before GC invocations=13 (full 2):
 PSYoungGen      total 262144K, used 262137K [0x00000000d6580000, 0x00000000e8a80000, 0x0000000100000000)
  eden space 245248K, 100% used [0x00000000d6580000,0x00000000e5500000,0x00000000e5500000)
  from space 16896K, 99% used [0x00000000e7a00000,0x00000000e8a7e758,0x00000000e8a80000)
  to   space 19456K, 0% used [0x00000000e6480000,0x00000000e6480000,0x00000000e7780000)
 ParOldGen       total 85504K, used 22159K [0x0000000083000000, 0x0000000088380000, 0x00000000d6580000)
  object space 85504K, 25% used [0x0000000083000000,0x00000000845a3cd8,0x0000000088380000)
 Metaspace       used 50839K, capacity 53090K, committed 53248K, reserved 1095680K
  class space    used 6970K, capacity 7389K, committed 7424K, reserved 1048576K
Event: 6.291 GC heap after
Heap after GC invocations=13 (full 2):
 PSYoungGen      total 280576K, used 11285K [0x00000000d6580000, 0x00000000eca00000, 0x0000000100000000)
  eden space 261120K, 0% used [0x00000000d6580000,0x00000000d6580000,0x00000000e6480000)
  from space 19456K, 58% used [0x00000000e6480000,0x00000000e6f85410,0x00000000e7780000)
  to   space 18944K, 0% used [0x00000000eb780000,0x00000000eb780000,0x00000000eca00000)
 ParOldGen       total 85504K, used 29462K [0x0000000083000000, 0x0000000088380000, 0x00000000d6580000)
  object space 85504K, 34% used [0x0000000083000000,0x0000000084cc5b78,0x0000000088380000)
 Metaspace       used 50839K, capacity 53090K, committed 53248K, reserved 1095680K
  class space    used 6970K, capacity 7389K, committed 7424K, reserved 1048576K
}
Event: 16.288 GC heap before
{Heap before GC invocations=14 (full 2):
 PSYoungGen      total 280576K, used 184757K [0x00000000d6580000, 0x00000000eca00000, 0x0000000100000000)
  eden space 261120K, 66% used [0x00000000d6580000,0x00000000e0ee80c8,0x00000000e6480000)
  from space 19456K, 58% used [0x00000000e6480000,0x00000000e6f85410,0x00000000e7780000)
  to   space 18944K, 0% used [0x00000000eb780000,0x00000000eb780000,0x00000000eca00000)
 ParOldGen       total 85504K, used 29462K [0x0000000083000000, 0x0000000088380000, 0x00000000d6580000)
  object space 85504K, 34% used [0x0000000083000000,0x0000000084cc5b78,0x0000000088380000)
 Metaspace       used 56380K, capacity 58932K, committed 59096K, reserved 1099776K
  class space    used 7735K, capacity 8177K, committed 8192K, reserved 1048576K
Event: 16.302 GC heap after
Heap after GC invocations=14 (full 2):
 PSYoungGen      total 346624K, used 7717K [0x00000000d6580000, 0x00000000ed300000, 0x0000000100000000)
  eden space 327680K, 0% used [0x00000000d6580000,0x00000000d6580000,0x00000000ea580000)
  from space 18944K, 40% used [0x00000000eb780000,0x00000000ebf09690,0x00000000eca00000)
  to   space 18432K, 0% used [0x00000000ea580000,0x00000000ea580000,0x00000000eb780000)
 ParOldGen       total 85504K, used 34446K [0x0000000083000000, 0x0000000088380000, 0x00000000d6580000)
  object space 85504K, 40% used [0x0000000083000000,0x00000000851a3ba8,0x0000000088380000)
 Metaspace       used 56380K, capacity 58932K, committed 59096K, reserved 1099776K
  class space    used 7735K, capacity 8177K, committed 8192K, reserved 1048576K
}
Event: 16.302 GC heap before
{Heap before GC invocations=15 (full 3):
 PSYoungGen      total 346624K, used 7717K [0x00000000d6580000, 0x00000000ed300000, 0x0000000100000000)
  eden space 327680K, 0% used [0x00000000d6580000,0x00000000d6580000,0x00000000ea580000)
  from space 18944K, 40% used [0x00000000eb780000,0x00000000ebf09690,0x00000000eca00000)
  to   space 18432K, 0% used [0x00000000ea580000,0x00000000ea580000,0x00000000eb780000)
 ParOldGen       total 85504K, used 34446K [0x0000000083000000, 0x0000000088380000, 0x00000000d6580000)
  object space 85504K, 40% used [0x0000000083000000,0x00000000851a3ba8,0x0000000088380000)
 Metaspace       used 56380K, capacity 58932K, committed 59096K, reserved 1099776K
  class space    used 7735K, capacity 8177K, committed 8192K, reserved 1048576K
Event: 16.523 GC heap after
Heap after GC invocations=15 (full 3):
 PSYoungGen      total 346624K, used 0K [0x00000000d6580000, 0x00000000ed300000, 0x0000000100000000)
  eden space 327680K, 0% used [0x00000000d6580000,0x00000000d6580000,0x00000000ea580000)
  from space 18944K, 0% used [0x00000000eb780000,0x00000000eb780000,0x00000000eca00000)
  to   space 18432K, 0% used [0x00000000ea580000,0x00000000ea580000,0x00000000eb780000)
 ParOldGen       total 117248K, used 35208K [0x0000000083000000, 0x000000008a280000, 0x00000000d6580000)
  object space 117248K, 30% used [0x0000000083000000,0x0000000085262118,0x000000008a280000)
 Metaspace       used 56378K, capacity 58926K, committed 59096K, reserved 1099776K
  class space    used 7735K, capacity 8176K, committed 8192K, reserved 1048576K
}

